#
# A fatal error has been detected by the Java Runtime Environment:
#
#  EXCEPTION_ACCESS_VIOLATION (0xc0000005) at pc=0x00007ffd80460c83, pid=12584, tid=11836
#
# JRE version: Java(TM) SE Runtime Environment (15.0+36) (build 15+36-1562)
# Java VM: Java HotSpot(TM) 64-Bit Server VM (15+36-1562, mixed mode, sharing, tiered, compressed oops, g1 gc, windows-amd64)
# Problematic frame:
# V  [jvm.dll+0x350c83]
#
# No core dump will be written. Minidumps are not enabled by default on client versions of Windows
#
# If you would like to submit a bug report, please visit:
#   https://bugreport.java.com/bugreport/crash.jsp
#

---------------  S U M M A R Y ------------

Command Line: -XX:TieredStopAtLevel=1 -Xverify:none -Dspring.output.ansi.enabled=always -Dcom.sun.management.jmxremote -Dspring.jmx.enabled=true -Dspring.liveBeansView.mbeanDomain -Dspring.application.admin.enabled=true -javaagent:C:\Program Files\JetBrains\IntelliJ IDEA 2020.2.1\lib\idea_rt.jar=56010:C:\Program Files\JetBrains\IntelliJ IDEA 2020.2.1\bin -Dfile.encoding=UTF-8 com.its.springjwt.SpringBootSecurityJwtApplication

Host: Intel(R) Core(TM) i7-6700HQ CPU @ 2.60GHz, 8 cores, 7G,  Windows 10 , 64 bit Build 18362 (10.0.18362.1316)
Time: Fri Jan 15 21:32:58 2021 W. Europe Standard Time elapsed time: 1.510038 seconds (0d 0h 0m 1s)

---------------  T H R E A D  ---------------

Current thread (0x00000285233a2060):  JavaThread "Logging-Cleaner" [_thread_in_vm, id=11836, stack(0x000000b3a4900000,0x000000b3a4a00000)]

Stack: [0x000000b3a4900000,0x000000b3a4a00000],  sp=0x000000b3a49ff5e0,  free space=1021k
Native frames: (J=compiled Java code, j=interpreted, Vv=VM code, C=native code)
V  [jvm.dll+0x350c83]
V  [jvm.dll+0x629dd2]
V  [jvm.dll+0x351761]
V  [jvm.dll+0x3519f7]
V  [jvm.dll+0x3d9b21]
V  [jvm.dll+0x74384d]
V  [jvm.dll+0x73c64a]
